This is pdfTeX, Version 3.14159265-2.6-1.40.15 (TeX Live 2014) (preloaded format=pdflatex 2014.5.25)  18 MAY 2015 02:12
entering extended mode
 restricted \write18 enabled.
 %&-line parsing enabled.
**main.tex
(./main.tex
LaTeX2e <2014/05/01>
Babel <3.9k> and hyphenation patterns for 78 languages loaded.
(./Thesis.cls
Document Class: Thesis 2007/22/02 v1.0 LaTeX document class
(/usr/local/texlive/2014/texmf-dist/tex/latex/base/book.cls
Document Class: book 2007/10/19 v1.4h Standard LaTeX document class
(/usr/local/texlive/2014/texmf-dist/tex/latex/base/bk11.clo
File: bk11.clo 2007/10/19 v1.4h Standard LaTeX file (size option)
)
\c@part=\count79
\c@chapter=\count80
\c@section=\count81
\c@subsection=\count82
\c@subsubsection=\count83
\c@paragraph=\count84
\c@subparagraph=\count85
\c@figure=\count86
\c@table=\count87
\abovecaptionskip=\skip41
\belowcaptionskip=\skip42
\bibindent=\dimen102
)
(/usr/local/texlive/2014/texmf-dist/tex/latex/setspace/setspace.sty
Package: setspace 2011/12/19 v6.7a set line spacing
)
(/usr/local/texlive/2014/texmf-dist/tex/latex/vmargin/vmargin.sty
Package: vmargin 2004/07/15 V2.5 set document margins (VK)

Package: vmargin 2004/07/15 V2.5 set document margins (VK)
\PaperWidth=\dimen103
\PaperHeight=\dimen104
) (/usr/local/texlive/2014/texmf-dist/tex/latex/base/inputenc.sty
Package: inputenc 2014/04/30 v1.2b Input encoding file
\inpenc@prehook=\toks14
\inpenc@posthook=\toks15

(/usr/local/texlive/2014/texmf-dist/tex/latex/base/utf8.def
File: utf8.def 2008/04/05 v1.1m UTF-8 support for inputenc
Now handling font encoding OML ...
... no UTF-8 mapping file for font encoding OML
Now handling font encoding T1 ...
... processing UTF-8 mapping file for font encoding T1

(/usr/local/texlive/2014/texmf-dist/tex/latex/base/t1enc.dfu
File: t1enc.dfu 2008/04/05 v1.1m UTF-8 support for inputenc
   defining Unicode char U+00A1 (decimal 161)
   defining Unicode char U+00A3 (decimal 163)
   defining Unicode char U+00AB (decimal 171)
   defining Unicode char U+00BB (decimal 187)
   defining Unicode char U+00BF (decimal 191)
   defining Unicode char U+00C0 (decimal 192)
   defining Unicode char U+00C1 (decimal 193)
   defining Unicode char U+00C2 (decimal 194)
   defining Unicode char U+00C3 (decimal 195)
   defining Unicode char U+00C4 (decimal 196)
   defining Unicode char U+00C5 (decimal 197)
   defining Unicode char U+00C6 (decimal 198)
   defining Unicode char U+00C7 (decimal 199)
   defining Unicode char U+00C8 (decimal 200)
   defining Unicode char U+00C9 (decimal 201)
   defining Unicode char U+00CA (decimal 202)
   defining Unicode char U+00CB (decimal 203)
   defining Unicode char U+00CC (decimal 204)
   defining Unicode char U+00CD (decimal 205)
   defining Unicode char U+00CE (decimal 206)
   defining Unicode char U+00CF (decimal 207)
   defining Unicode char U+00D0 (decimal 208)
   defining Unicode char U+00D1 (decimal 209)
   defining Unicode char U+00D2 (decimal 210)
   defining Unicode char U+00D3 (decimal 211)
   defining Unicode char U+00D4 (decimal 212)
   defining Unicode char U+00D5 (decimal 213)
   defining Unicode char U+00D6 (decimal 214)
   defining Unicode char U+00D8 (decimal 216)
   defining Unicode char U+00D9 (decimal 217)
   defining Unicode char U+00DA (decimal 218)
   defining Unicode char U+00DB (decimal 219)
   defining Unicode char U+00DC (decimal 220)
   defining Unicode char U+00DD (decimal 221)
   defining Unicode char U+00DE (decimal 222)
   defining Unicode char U+00DF (decimal 223)
   defining Unicode char U+00E0 (decimal 224)
   defining Unicode char U+00E1 (decimal 225)
   defining Unicode char U+00E2 (decimal 226)
   defining Unicode char U+00E3 (decimal 227)
   defining Unicode char U+00E4 (decimal 228)
   defining Unicode char U+00E5 (decimal 229)
   defining Unicode char U+00E6 (decimal 230)
   defining Unicode char U+00E7 (decimal 231)
   defining Unicode char U+00E8 (decimal 232)
   defining Unicode char U+00E9 (decimal 233)
   defining Unicode char U+00EA (decimal 234)
   defining Unicode char U+00EB (decimal 235)
   defining Unicode char U+00EC (decimal 236)
   defining Unicode char U+00ED (decimal 237)
   defining Unicode char U+00EE (decimal 238)
   defining Unicode char U+00EF (decimal 239)
   defining Unicode char U+00F0 (decimal 240)
   defining Unicode char U+00F1 (decimal 241)
   defining Unicode char U+00F2 (decimal 242)
   defining Unicode char U+00F3 (decimal 243)
   defining Unicode char U+00F4 (decimal 244)
   defining Unicode char U+00F5 (decimal 245)
   defining Unicode char U+00F6 (decimal 246)
   defining Unicode char U+00F8 (decimal 248)
   defining Unicode char U+00F9 (decimal 249)
   defining Unicode char U+00FA (decimal 250)
   defining Unicode char U+00FB (decimal 251)
   defining Unicode char U+00FC (decimal 252)
   defining Unicode char U+00FD (decimal 253)
   defining Unicode char U+00FE (decimal 254)
   defining Unicode char U+00FF (decimal 255)
   defining Unicode char U+0102 (decimal 258)
   defining Unicode char U+0103 (decimal 259)
   defining Unicode char U+0104 (decimal 260)
   defining Unicode char U+0105 (decimal 261)
   defining Unicode char U+0106 (decimal 262)
   defining Unicode char U+0107 (decimal 263)
   defining Unicode char U+010C (decimal 268)
   defining Unicode char U+010D (decimal 269)
   defining Unicode char U+010E (decimal 270)
   defining Unicode char U+010F (decimal 271)
   defining Unicode char U+0110 (decimal 272)
   defining Unicode char U+0111 (decimal 273)
   defining Unicode char U+0118 (decimal 280)
   defining Unicode char U+0119 (decimal 281)
   defining Unicode char U+011A (decimal 282)
   defining Unicode char U+011B (decimal 283)
   defining Unicode char U+011E (decimal 286)
   defining Unicode char U+011F (decimal 287)
   defining Unicode char U+0130 (decimal 304)
   defining Unicode char U+0131 (decimal 305)
   defining Unicode char U+0132 (decimal 306)
   defining Unicode char U+0133 (decimal 307)
   defining Unicode char U+0139 (decimal 313)
   defining Unicode char U+013A (decimal 314)
   defining Unicode char U+013D (decimal 317)
   defining Unicode char U+013E (decimal 318)
   defining Unicode char U+0141 (decimal 321)
   defining Unicode char U+0142 (decimal 322)
   defining Unicode char U+0143 (decimal 323)
   defining Unicode char U+0144 (decimal 324)
   defining Unicode char U+0147 (decimal 327)
   defining Unicode char U+0148 (decimal 328)
   defining Unicode char U+014A (decimal 330)
   defining Unicode char U+014B (decimal 331)
   defining Unicode char U+0150 (decimal 336)
   defining Unicode char U+0151 (decimal 337)
   defining Unicode char U+0152 (decimal 338)
   defining Unicode char U+0153 (decimal 339)
   defining Unicode char U+0154 (decimal 340)
   defining Unicode char U+0155 (decimal 341)
   defining Unicode char U+0158 (decimal 344)
   defining Unicode char U+0159 (decimal 345)
   defining Unicode char U+015A (decimal 346)
   defining Unicode char U+015B (decimal 347)
   defining Unicode char U+015E (decimal 350)
   defining Unicode char U+015F (decimal 351)
   defining Unicode char U+0160 (decimal 352)
   defining Unicode char U+0161 (decimal 353)
   defining Unicode char U+0162 (decimal 354)
   defining Unicode char U+0163 (decimal 355)
   defining Unicode char U+0164 (decimal 356)
   defining Unicode char U+0165 (decimal 357)
   defining Unicode char U+016E (decimal 366)
   defining Unicode char U+016F (decimal 367)
   defining Unicode char U+0170 (decimal 368)
   defining Unicode char U+0171 (decimal 369)
   defining Unicode char U+0178 (decimal 376)
   defining Unicode char U+0179 (decimal 377)
   defining Unicode char U+017A (decimal 378)
   defining Unicode char U+017B (decimal 379)
   defining Unicode char U+017C (decimal 380)
   defining Unicode char U+017D (decimal 381)
   defining Unicode char U+017E (decimal 382)
   defining Unicode char U+200C (decimal 8204)
   defining Unicode char U+2013 (decimal 8211)
   defining Unicode char U+2014 (decimal 8212)
   defining Unicode char U+2018 (decimal 8216)
   defining Unicode char U+2019 (decimal 8217)
   defining Unicode char U+201A (decimal 8218)
   defining Unicode char U+201C (decimal 8220)
   defining Unicode char U+201D (decimal 8221)
   defining Unicode char U+201E (decimal 8222)
   defining Unicode char U+2030 (decimal 8240)
   defining Unicode char U+2031 (decimal 8241)
   defining Unicode char U+2039 (decimal 8249)
   defining Unicode char U+203A (decimal 8250)
   defining Unicode char U+2423 (decimal 9251)
)
Now handling font encoding OT1 ...
... processing UTF-8 mapping file for font encoding OT1

(/usr/local/texlive/2014/texmf-dist/tex/latex/base/ot1enc.dfu
File: ot1enc.dfu 2008/04/05 v1.1m UTF-8 support for inputenc
   defining Unicode char U+00A1 (decimal 161)
   defining Unicode char U+00A3 (decimal 163)
   defining Unicode char U+00B8 (decimal 184)
   defining Unicode char U+00BF (decimal 191)
   defining Unicode char U+00C5 (decimal 197)
   defining Unicode char U+00C6 (decimal 198)
   defining Unicode char U+00D8 (decimal 216)
   defining Unicode char U+00DF (decimal 223)
   defining Unicode char U+00E6 (decimal 230)
   defining Unicode char U+00EC (decimal 236)
   defining Unicode char U+00ED (decimal 237)
   defining Unicode char U+00EE (decimal 238)
   defining Unicode char U+00EF (decimal 239)
   defining Unicode char U+00F8 (decimal 248)
   defining Unicode char U+0131 (decimal 305)
   defining Unicode char U+0141 (decimal 321)
   defining Unicode char U+0142 (decimal 322)
   defining Unicode char U+0152 (decimal 338)
   defining Unicode char U+0153 (decimal 339)
   defining Unicode char U+2013 (decimal 8211)
   defining Unicode char U+2014 (decimal 8212)
   defining Unicode char U+2018 (decimal 8216)
   defining Unicode char U+2019 (decimal 8217)
   defining Unicode char U+201C (decimal 8220)
   defining Unicode char U+201D (decimal 8221)
)
Now handling font encoding OMS ...
... processing UTF-8 mapping file for font encoding OMS

(/usr/local/texlive/2014/texmf-dist/tex/latex/base/omsenc.dfu
File: omsenc.dfu 2008/04/05 v1.1m UTF-8 support for inputenc
   defining Unicode char U+00A7 (decimal 167)
   defining Unicode char U+00B6 (decimal 182)
   defining Unicode char U+00B7 (decimal 183)
   defining Unicode char U+2020 (decimal 8224)
   defining Unicode char U+2021 (decimal 8225)
   defining Unicode char U+2022 (decimal 8226)
)
Now handling font encoding OMX ...
... no UTF-8 mapping file for font encoding OMX
Now handling font encoding U ...
... no UTF-8 mapping file for font encoding U
   defining Unicode char U+00A9 (decimal 169)
   defining Unicode char U+00AA (decimal 170)
   defining Unicode char U+00AE (decimal 174)
   defining Unicode char U+00BA (decimal 186)
   defining Unicode char U+02C6 (decimal 710)
   defining Unicode char U+02DC (decimal 732)
   defining Unicode char U+200C (decimal 8204)
   defining Unicode char U+2026 (decimal 8230)
   defining Unicode char U+2122 (decimal 8482)
   defining Unicode char U+2423 (decimal 9251)
))
(/usr/local/texlive/2014/texmf-dist/tex/latex/fancyhdr/fancyhdr.sty
\fancy@headwidth=\skip43
\f@ncyO@elh=\skip44
\f@ncyO@erh=\skip45
\f@ncyO@olh=\skip46
\f@ncyO@orh=\skip47
\f@ncyO@elf=\skip48
\f@ncyO@erf=\skip49
\f@ncyO@olf=\skip50
\f@ncyO@orf=\skip51
)
(/usr/local/texlive/2014/texmf-dist/tex/latex/amsmath/amsmath.sty
Package: amsmath 2013/01/14 v2.14 AMS math features
\@mathmargin=\skip52

For additional information on amsmath, use the `?' option.
(/usr/local/texlive/2014/texmf-dist/tex/latex/amsmath/amstext.sty
Package: amstext 2000/06/29 v2.01

(/usr/local/texlive/2014/texmf-dist/tex/latex/amsmath/amsgen.sty
File: amsgen.sty 1999/11/30 v2.0
\@emptytoks=\toks16
\ex@=\dimen105
))
(/usr/local/texlive/2014/texmf-dist/tex/latex/amsmath/amsbsy.sty
Package: amsbsy 1999/11/29 v1.2d
\pmbraise@=\dimen106
)
(/usr/local/texlive/2014/texmf-dist/tex/latex/amsmath/amsopn.sty
Package: amsopn 1999/12/14 v2.01 operator names
)
\inf@bad=\count88
LaTeX Info: Redefining \frac on input line 210.
\uproot@=\count89
\leftroot@=\count90
LaTeX Info: Redefining \overline on input line 306.
\classnum@=\count91
\DOTSCASE@=\count92
LaTeX Info: Redefining \ldots on input line 378.
LaTeX Info: Redefining \dots on input line 381.
LaTeX Info: Redefining \cdots on input line 466.
\Mathstrutbox@=\box26
\strutbox@=\box27
\big@size=\dimen107
LaTeX Font Info:    Redeclaring font encoding OML on input line 566.
LaTeX Font Info:    Redeclaring font encoding OMS on input line 567.
\macc@depth=\count93
\c@MaxMatrixCols=\count94
\dotsspace@=\muskip10
\c@parentequation=\count95
\dspbrk@lvl=\count96
\tag@help=\toks17
\row@=\count97
\column@=\count98
\maxfields@=\count99
\andhelp@=\toks18
\eqnshift@=\dimen108
\alignsep@=\dimen109
\tagshift@=\dimen110
\tagwidth@=\dimen111
\totwidth@=\dimen112
\lineht@=\dimen113
\@envbody=\toks19
\multlinegap=\skip53
\multlinetaggap=\skip54
\mathdisplay@stack=\toks20
LaTeX Info: Redefining \[ on input line 2665.
LaTeX Info: Redefining \] on input line 2666.
)
(/usr/local/texlive/2014/texmf-dist/tex/latex/amsfonts/amsfonts.sty
Package: amsfonts 2013/01/14 v3.01 Basic AMSFonts support
\symAMSa=\mathgroup4
\symAMSb=\mathgroup5
LaTeX Font Info:    Overwriting math alphabet `\mathfrak' in version `bold'
(Font)                  U/euf/m/n --> U/euf/b/n on input line 106.
)
(/usr/local/texlive/2014/texmf-dist/tex/latex/amsfonts/amssymb.sty
Package: amssymb 2013/01/14 v3.01 AMS font symbols
)
(/usr/local/texlive/2014/texmf-dist/tex/latex/amsmath/amscd.sty
Package: amscd 1999/11/29 v2.0
\athelp@=\toks21
\minaw@=\dimen114
\bigaw@=\dimen115
\minCDarrowwidth=\dimen116
)
(/usr/local/texlive/2014/texmf-dist/tex/latex/amscls/amsthm.sty
Package: amsthm 2004/08/06 v2.20
\thm@style=\toks22
\thm@bodyfont=\toks23
\thm@headfont=\toks24
\thm@notefont=\toks25
\thm@headpunct=\toks26
\thm@preskip=\skip55
\thm@postskip=\skip56
\thm@headsep=\skip57
\dth@everypar=\toks27
)
(/usr/local/texlive/2014/texmf-dist/tex/latex/tools/xspace.sty
Package: xspace 2009/10/20 v1.13 Space after command names (DPC,MH)
)
(/usr/local/texlive/2014/texmf-dist/tex/latex/caption/subcaption.sty
Package: subcaption 2013/02/03 v1.1-62 Sub-captions (AR)

(/usr/local/texlive/2014/texmf-dist/tex/latex/caption/caption.sty
Package: caption 2013/05/02 v3.3-89 Customizing captions (AR)

(/usr/local/texlive/2014/texmf-dist/tex/latex/caption/caption3.sty
Package: caption3 2013/05/02 v1.6-88 caption3 kernel (AR)
Package caption3 Info: TeX engine: e-TeX on input line 57.

(/usr/local/texlive/2014/texmf-dist/tex/latex/graphics/keyval.sty
Package: keyval 2014/05/08 v1.15 key=value parser (DPC)
\KV@toks@=\toks28
)
\captionmargin=\dimen117
\captionmargin@=\dimen118
\captionwidth=\dimen119
\caption@tempdima=\dimen120
\caption@indent=\dimen121
\caption@parindent=\dimen122
\caption@hangindent=\dimen123
)
\c@ContinuedFloat=\count100
)
\c@subfigure=\count101
\c@subtable=\count102
)
(/usr/local/texlive/2014/texmf-dist/tex/latex/multirow/multirow.sty
\bigstrutjot=\dimen124
)
\c@example=\count103
\c@theorem=\count104

(/usr/local/texlive/2014/texmf-dist/tex/latex/graphics/graphicx.sty
Package: graphicx 2014/04/25 v1.0g Enhanced LaTeX Graphics (DPC,SPQR)

(/usr/local/texlive/2014/texmf-dist/tex/latex/graphics/graphics.sty
Package: graphics 2009/02/05 v1.0o Standard LaTeX Graphics (DPC,SPQR)

(/usr/local/texlive/2014/texmf-dist/tex/latex/graphics/trig.sty
Package: trig 1999/03/16 v1.09 sin cos tan (DPC)
)
(/usr/local/texlive/2014/texmf-dist/tex/latex/latexconfig/graphics.cfg
File: graphics.cfg 2010/04/23 v1.9 graphics configuration of TeX Live
)
Package graphics Info: Driver file: pdftex.def on input line 91.

(/usr/local/texlive/2014/texmf-dist/tex/latex/pdftex-def/pdftex.def
File: pdftex.def 2011/05/27 v0.06d Graphics/color for pdfTeX

(/usr/local/texlive/2014/texmf-dist/tex/generic/oberdiek/infwarerr.sty
Package: infwarerr 2010/04/08 v1.3 Providing info/warning/error messages (HO)
)
(/usr/local/texlive/2014/texmf-dist/tex/generic/oberdiek/ltxcmds.sty
Package: ltxcmds 2011/11/09 v1.22 LaTeX kernel commands for general use (HO)
)
\Gread@gobject=\count105
))
\Gin@req@height=\dimen125
\Gin@req@width=\dimen126
)
(/usr/local/texlive/2014/texmf-dist/tex/latex/enumitem/enumitem.sty
Package: enumitem 2011/09/28 v3.5.2 Customized lists
\labelindent=\skip58
\enit@outerparindent=\dimen127
\enit@toks=\toks29
\enit@inbox=\box28
\enitdp@description=\count106
)
(/usr/local/texlive/2014/texmf-dist/tex/latex/oberdiek/epstopdf.sty
Package: epstopdf 2010/02/09 v2.5 Conversion with epstopdf on the fly (HO)

(/usr/local/texlive/2014/texmf-dist/tex/latex/oberdiek/epstopdf-base.sty
Package: epstopdf-base 2010/02/09 v2.5 Base part for package epstopdf

(/usr/local/texlive/2014/texmf-dist/tex/latex/oberdiek/grfext.sty
Package: grfext 2010/08/19 v1.1 Manage graphics extensions (HO)

(/usr/local/texlive/2014/texmf-dist/tex/generic/oberdiek/kvdefinekeys.sty
Package: kvdefinekeys 2011/04/07 v1.3 Define keys (HO)
))
(/usr/local/texlive/2014/texmf-dist/tex/latex/oberdiek/kvoptions.sty
Package: kvoptions 2011/06/30 v3.11 Key value format for package options (HO)

(/usr/local/texlive/2014/texmf-dist/tex/generic/oberdiek/kvsetkeys.sty
Package: kvsetkeys 2012/04/25 v1.16 Key value parser (HO)

(/usr/local/texlive/2014/texmf-dist/tex/generic/oberdiek/etexcmds.sty
Package: etexcmds 2011/02/16 v1.5 Avoid name clashes with e-TeX commands (HO)

(/usr/local/texlive/2014/texmf-dist/tex/generic/oberdiek/ifluatex.sty
Package: ifluatex 2010/03/01 v1.3 Provides the ifluatex switch (HO)
Package ifluatex Info: LuaTeX not detected.
)
Package etexcmds Info: Could not find \expanded.
(etexcmds)             That can mean that you are not using pdfTeX 1.50 or
(etexcmds)             that some package has redefined \expanded.
(etexcmds)             In the latter case, load this package earlier.
)))
(/usr/local/texlive/2014/texmf-dist/tex/generic/oberdiek/pdftexcmds.sty
Package: pdftexcmds 2011/11/29 v0.20 Utility functions of pdfTeX for LuaTeX (HO
)

(/usr/local/texlive/2014/texmf-dist/tex/generic/oberdiek/ifpdf.sty
Package: ifpdf 2011/01/30 v2.3 Provides the ifpdf switch (HO)
Package ifpdf Info: pdfTeX in PDF mode is detected.
)
Package pdftexcmds Info: LuaTeX not detected.
Package pdftexcmds Info: \pdf@primitive is available.
Package pdftexcmds Info: \pdf@ifprimitive is available.
Package pdftexcmds Info: \pdfdraftmode found.
)
Package grfext Info: Graphics extension search list:
(grfext)             [.png,.pdf,.jpg,.mps,.jpeg,.jbig2,.jb2,.PNG,.PDF,.JPG,.JPE
G,.JBIG2,.JB2,.eps]
(grfext)             \AppendGraphicsExtensions on input line 452.

(/usr/local/texlive/2014/texmf-dist/tex/latex/latexconfig/epstopdf-sys.cfg
File: epstopdf-sys.cfg 2010/07/13 v1.3 Configuration of (r)epstopdf for TeX Liv
e
)))
(/usr/local/texlive/2014/texmf-dist/tex/latex/booktabs/booktabs.sty
Package: booktabs 2005/04/14 v1.61803 publication quality tables
\heavyrulewidth=\dimen128
\lightrulewidth=\dimen129
\cmidrulewidth=\dimen130
\belowrulesep=\dimen131
\belowbottomsep=\dimen132
\aboverulesep=\dimen133
\abovetopsep=\dimen134
\cmidrulesep=\dimen135
\cmidrulekern=\dimen136
\defaultaddspace=\dimen137
\@cmidla=\count107
\@cmidlb=\count108
\@aboverulesep=\dimen138
\@belowrulesep=\dimen139
\@thisruleclass=\count109
\@lastruleclass=\count110
\@thisrulewidth=\dimen140
)
(/usr/local/texlive/2014/texmf-dist/tex/latex/rotating/rotating.sty
Package: rotating 2009/03/28 v2.16a rotated objects in LaTeX

(/usr/local/texlive/2014/texmf-dist/tex/latex/base/ifthen.sty
Package: ifthen 2001/05/26 v1.1c Standard LaTeX ifthen package (DPC)
)
\c@r@tfl@t=\count111
\rotFPtop=\skip59
\rotFPbot=\skip60
\rot@float@box=\box29
\rot@mess@toks=\toks30
)
(/usr/local/texlive/2014/texmf-dist/tex/latex/listings/listings.sty
\lst@mode=\count112
\lst@gtempboxa=\box30
\lst@token=\toks31
\lst@length=\count113
\lst@currlwidth=\dimen141
\lst@column=\count114
\lst@pos=\count115
\lst@lostspace=\dimen142
\lst@width=\dimen143
\lst@newlines=\count116
\lst@lineno=\count117
\lst@maxwidth=\dimen144

(./lstpatch.sty

***
*** This is a patch for listings 1.3, but you're using
*** version 1.5c.
***
*** Patch file not loaded.
***

) (/usr/local/texlive/2014/texmf-dist/tex/latex/listings/lstmisc.sty
File: lstmisc.sty 2014/03/04 1.5c (Carsten Heinz)
\c@lstnumber=\count118
\lst@skipnumbers=\count119
\lst@framebox=\box31
)
(/usr/local/texlive/2014/texmf-dist/tex/latex/listings/listings.cfg
File: listings.cfg 2014/03/04 1.5c listings configuration
))
Package: listings 2014/03/04 1.5c (Carsten Heinz)

(./lstpatch.sty

***
*** This is a patch for listings 1.3, but you're using
*** version 1.5c.
***
 *** Patch file not loaded.
***

) (/usr/local/texlive/2014/texmf-dist/tex/latex/hyperref/hyperref.sty
Package: hyperref 2012/11/06 v6.83m Hypertext links for LaTeX

(/usr/local/texlive/2014/texmf-dist/tex/generic/oberdiek/hobsub-hyperref.sty
Package: hobsub-hyperref 2012/05/28 v1.13 Bundle oberdiek, subset hyperref (HO)


(/usr/local/texlive/2014/texmf-dist/tex/generic/oberdiek/hobsub-generic.sty
Package: hobsub-generic 2012/05/28 v1.13 Bundle oberdiek, subset generic (HO)
Package: hobsub 2012/05/28 v1.13 Construct package bundles (HO)
Package hobsub Info: Skipping package `infwarerr' (already loaded).
Package hobsub Info: Skipping package `ltxcmds' (already loaded).
Package hobsub Info: Skipping package `ifluatex' (already loaded).
Package: ifvtex 2010/03/01 v1.5 Detect VTeX and its facilities (HO)
Package ifvtex Info: VTeX not detected.
Package: intcalc 2007/09/27 v1.1 Expandable calculations with integers (HO)
Package hobsub Info: Skipping package `ifpdf' (already loaded).
Package hobsub Info: Skipping package `etexcmds' (already loaded).
Package hobsub Info: Skipping package `kvsetkeys' (already loaded).
Package hobsub Info: Skipping package `kvdefinekeys' (already loaded).
Package hobsub Info: Skipping package `pdftexcmds' (already loaded).
Package: pdfescape 2011/11/25 v1.13 Implements pdfTeX's escape features (HO)
Package: bigintcalc 2012/04/08 v1.3 Expandable calculations on big integers (HO
)
Package: bitset 2011/01/30 v1.1 Handle bit-vector datatype (HO)
Package: uniquecounter 2011/01/30 v1.2 Provide unlimited unique counter (HO)
)
Package hobsub Info: Skipping package `hobsub' (already loaded).
Package: letltxmacro 2010/09/02 v1.4 Let assignment for LaTeX macros (HO)
Package: hopatch 2012/05/28 v1.2 Wrapper for package hooks (HO)
Package: xcolor-patch 2011/01/30 xcolor patch
Package: atveryend 2011/06/30 v1.8 Hooks at the very end of document (HO)
Package atveryend Info: \enddocument detected (standard20110627).
Package: atbegshi 2011/10/05 v1.16 At begin shipout hook (HO)
Package: refcount 2011/10/16 v3.4 Data extraction from label references (HO)
Package: hycolor 2011/01/30 v1.7 Color options for hyperref/bookmark (HO)
)
(/usr/local/texlive/2014/texmf-dist/tex/generic/ifxetex/ifxetex.sty
Package: ifxetex 2010/09/12 v0.6 Provides ifxetex conditional
)
(/usr/local/texlive/2014/texmf-dist/tex/latex/oberdiek/auxhook.sty
Package: auxhook 2011/03/04 v1.3 Hooks for auxiliary files (HO)
)
\@linkdim=\dimen145
\Hy@linkcounter=\count120
\Hy@pagecounter=\count121

(/usr/local/texlive/2014/texmf-dist/tex/latex/hyperref/pd1enc.def
File: pd1enc.def 2012/11/06 v6.83m Hyperref: PDFDocEncoding definition (HO)
Now handling font encoding PD1 ...
... no UTF-8 mapping file for font encoding PD1
)
\Hy@SavedSpaceFactor=\count122

(/usr/local/texlive/2014/texmf-dist/tex/latex/latexconfig/hyperref.cfg
File: hyperref.cfg 2002/06/06 v1.2 hyperref configuration of TeXLive
)
Package hyperref Info: Option `bookmarks' set `true' on input line 4319.
Package hyperref Info: Option `bookmarksopen' set `true' on input line 4319.
Package hyperref Info: Option `bookmarksnumbered' set `true' on input line 4319
.
Package hyperref Info: Option `hypertexnames' set `false' on input line 4319.
Package hyperref Info: Option `colorlinks' set `true' on input line 4319.
Package hyperref Info: Option `unicode' set `true' on input line 4319.

(/usr/local/texlive/2014/texmf-dist/tex/latex/hyperref/puenc.def
File: puenc.def 2012/11/06 v6.83m Hyperref: PDF Unicode definition (HO)
Now handling font encoding PU ...
... no UTF-8 mapping file for font encoding PU
)
Package hyperref Info: Option `breaklinks' set `true' on input line 4319.
Package hyperref Info: Hyper figures OFF on input line 4443.
Package hyperref Info: Link nesting OFF on input line 4448.
Package hyperref Info: Hyper index ON on input line 4451.
Package hyperref Info: Plain pages OFF on input line 4458.
Package hyperref Info: Backreferencing OFF on input line 4463.
Package hyperref Info: Implicit mode ON; LaTeX internals redefined.
Package hyperref Info: Bookmarks ON on input line 4688.
\c@Hy@tempcnt=\count123

(/usr/local/texlive/2014/texmf-dist/tex/latex/url/url.sty
\Urlmuskip=\muskip11
Package: url 2013/09/16  ver 3.4  Verb mode for urls, etc.
)
LaTeX Info: Redefining \url on input line 5041.
\XeTeXLinkMargin=\dimen146
\Fld@menulength=\count124
\Field@Width=\dimen147
\Fld@charsize=\dimen148
Package hyperref Info: Hyper figures OFF on input line 6295.
Package hyperref Info: Link nesting OFF on input line 6300.
Package hyperref Info: Hyper index ON on input line 6303.
Package hyperref Info: backreferencing OFF on input line 6310.
Package hyperref Info: Link coloring ON on input line 6313.
Package hyperref Info: Link coloring with OCG OFF on input line 6320.
Package hyperref Info: PDF/A mode OFF on input line 6325.
LaTeX Info: Redefining \ref on input line 6365.
LaTeX Info: Redefining \pageref on input line 6369.
\Hy@abspage=\count125
\c@Item=\count126
\c@Hfootnote=\count127
)

Package hyperref Message: Driver (autodetected): hpdftex.

(/usr/local/texlive/2014/texmf-dist/tex/latex/hyperref/hpdftex.def
File: hpdftex.def 2012/11/06 v6.83m Hyperref driver for pdfTeX
\Fld@listcount=\count128
\c@bookmark@seq@number=\count129

(/usr/local/texlive/2014/texmf-dist/tex/latex/oberdiek/rerunfilecheck.sty
Package: rerunfilecheck 2011/04/15 v1.7 Rerun checks for auxiliary files (HO)
Package uniquecounter Info: New unique counter `rerunfilecheck' on input line 2
82.
)
\Hy@SectionHShift=\skip61
)
\c@dummy=\count130

(/usr/local/texlive/2014/texmf-dist/tex/latex/tools/longtable.sty
Package: longtable 2004/02/01 v4.11 Multi-page Table package (DPC)
\LTleft=\skip62
\LTright=\skip63
\LTpre=\skip64
\LTpost=\skip65
\LTchunksize=\count131
\LTcapwidth=\dimen149
\LT@head=\box32
\LT@firsthead=\box33
\LT@foot=\box34
\LT@lastfoot=\box35
\LT@cols=\count132
\LT@rows=\count133
\c@LT@tables=\count134
\c@LT@chunks=\count135
\LT@p@ftn=\toks32
))
(/usr/local/texlive/2014/texmf-dist/tex/latex/changepage/chngpage.sty
Package: chngpage 2009/10/20 v1.2b change page layout
\c@cp@cnt=\count136
\c@cp@tempcnt=\count137
)
(/usr/local/texlive/2014/texmf-dist/tex/latex/natbib/natbib.sty
Package: natbib 2010/09/13 8.31b (PWD, AO)
\bibhang=\skip66
\bibsep=\skip67
LaTeX Info: Redefining \cite on input line 694.
\c@NAT@ctr=\count138
)
Package hyperref Info: Option `colorlinks' set `true' on input line 34.
 (./main.aux)
\openout1 = `main.aux'.

LaTeX Font Info:    Checking defaults for OML/cmm/m/it on input line 37.
LaTeX Font Info:    ... okay on input line 37.
LaTeX Font Info:    Checking defaults for T1/cmr/m/n on input line 37.
LaTeX Font Info:    ... okay on input line 37.
LaTeX Font Info:    Checking defaults for OT1/cmr/m/n on input line 37.
LaTeX Font Info:    ... okay on input line 37.
LaTeX Font Info:    Checking defaults for OMS/cmsy/m/n on input line 37.
LaTeX Font Info:    ... okay on input line 37.
LaTeX Font Info:    Checking defaults for OMX/cmex/m/n on input line 37.
LaTeX Font Info:    ... okay on input line 37.
LaTeX Font Info:    Checking defaults for U/cmr/m/n on input line 37.
LaTeX Font Info:    ... okay on input line 37.
LaTeX Font Info:    Checking defaults for PD1/pdf/m/n on input line 37.
LaTeX Font Info:    ... okay on input line 37.
LaTeX Font Info:    Checking defaults for PU/pdf/m/n on input line 37.
LaTeX Font Info:    ... okay on input line 37.
Package caption Info: Begin \AtBeginDocument code.
Package caption Info: hyperref package is loaded.
Package caption Info: listings package is loaded.
Package caption Info: longtable package is loaded.

(/usr/local/texlive/2014/texmf-dist/tex/latex/caption/ltcaption.sty
Package: ltcaption 2013/02/03 v1.3-62 longtable captions (AR)
)
Package caption Info: rotating package is loaded.
Package caption Info: End \AtBeginDocument code.

(/usr/local/texlive/2014/texmf-dist/tex/context/base/supp-pdf.mkii
[Loading MPS to PDF converter (version 2006.09.02).]
\scratchcounter=\count139
\scratchdimen=\dimen150
\scratchbox=\box36
\nofMPsegments=\count140
\nofMParguments=\count141
\everyMPshowfont=\toks33
\MPscratchCnt=\count142
\MPscratchDim=\dimen1cratchCnt=\count142
\MPscratchDim=\dimen151
\MPnumerator=\count143
\makeMPintoPDFobject=\count144
\everyMPtoPDFconversion=\toks34
)
\c@lstlisting=\count145
\AtBeginShipoutBox=\box37
 (/usr/local/texlive/2014/texmf-dist/tex/latex/graphics/color.sty
Package: color 2014/04/23 v1.1a Standard LaTeX Color (DPC)

(/usr/local/texlive/2014/texmf-dist/tex/latex/latexconfig/color.cfg
File: color.cfg 2007/01/18 v1.5 color configuration of teTeX/TeXLive
)
Package color Info: Driver file: pdftex.def on input line 137.
)
Package hyperref Info: Link coloring ON on input line 37.

(/usr/local/texlive/2014/texmf-dist/tex/latex/hyperref/nameref.sty
Package: nameref 2012/10/27 v2.43 Cross-referencing by name of section

(/usr/local/texlive/2014/texmf-dist/tex/generic/oberdiek/gettitlestring.sty
Package: gettitlestring 2010/12/03 v1.4 Cleanup title references (HO)
)
\c@section@level=\count146
)
LaTeX Info: Redefining \ref on input line 37.
LaTeX Info: Redefining \pageref on input line 37.
LaTeX Info: Redefining \nameref on input line 37.

(./main.out) (./main.out)
\@outlinefile=\write3
\openout3 = `main.out'.


<Pictures/kmitl.JPG, id=245, 128.73094pt x 128.73094pt>
File: Pictures/kmitl.JPG Graphic file (type jpg)

<use Pictures/kmitl.JPG>
Package pdftex.def Info: Pictures/kmitl.JPG used on input line 75.
(pdftex.def)             Requested size: 154.47633pt x 154.47633pt.
LaTeX Font Info:    Try loading font information for U+msa on input line 93.

(/usr/local/texlive/2014/texmf-dist/tex/latex/amsfonts/umsa.fd
File: umsa.fd 2013/01/14 v3.01 AMS symbols A
)
LaTeX Font Info:    Try loading font information for U+msb on input line 93.

(/usr/local/texlive/2014/texmf-dist/tex/latex/amsfonts/umsb.fd
File: umsb.fd 2013/01/14 v3.01 AMS symbols B
) [1



{/usr/local/texlive/2014/texmf-var/fonts/map/pdftex/updmap/pdftex.map} <./Pictu
res/kmitl.JPG>]
Underfull \hbox (badness 10000) in paragraph at lines 121--126

 []


Underfull \hbox (badness 10000) in paragraph at lines 127--128

 []

[1

]
------------------------------------------------------------------------------
 0 Obstacle Avoidance System For Visually Impaired Person
------------------------------------------------------------------------------
[2


]
------------------------------------------------------------------------------
 0 Acknowledgements
------------------------------------------------------------------------------
[3


]
------------------------------------------------------------------------------
 Table of Contents
------------------------------------------------------------------------------
(./main.toc
./main.toc:12: Misplaced alignment tab character &.
<argument> ...}{\numberline {2}Literature review &
                                                   Overall Description}\hype...
l.12 ...view & Overall Description}{3}{chapter.17}
                                                  
? 
./main.toc:12: Emergency stop.
<argument> ...}{\numberline {2}Literature review &
                                                   Overall Description}\hype...
l.12 ...view & Overall Description}{3}{chapter.17}
                                                  
End of file on the terminal!

 
Here is how much of TeX's memory you used:
 13536 strings out of 493117
 190737 string characters out of 6135433
 267082 words of memory out of 5000000
 16756 multiletter control sequences out of 15000+600000
 11058 words of font info for 41 fonts, out of 8000000 for 9000
 1141 hyphenation exceptions out of 8191
 49i,11n,45p,919b,347s stack positions out of 5000i,500n,10000p,200000b,80000s
./main.toc:12:  ==> Fatal error occurred, no output PDF file produced!
 tab' on input line 3.

------------------------------------------------------------------------------
 2 Literature review & Overall Description
------------------------------------------------------------------------------
! Misplaced alignment tab character &.
<argument> Literature review &
                               Overall Description
l.3 ...er{Literature review & Overall Description}
                                                   % Main chapter title
I can't figure out why you would want to use a tab mark
here. If you just want an ampersand, the remedy is
simple: Just type `I\&' now. But if some right brace
up above has ended a previous alignment prematurely,
you're probably due for more error messages, and you
might try typing `S' now just to see what is salvageable.


Underfull \hbox (badness 10000) in paragraph at lines 15--18

 []


Package natbib Warning: Citation `Method' on page 3 undefined on input line 26.



Package natbib Warning: Citation `Machine' on page 3 undefined on input line 26
.

<Pictures/f201.png, id=65, 221.32687pt x 180.675pt>
File: Pictures/f201.png Graphic file (type png)
 <use Pictures/f201.png>
Package pdftex.def Info: Pictures/f201.png used on input line 29.
(pdftex.def)             Requested size: 177.06172pt x 144.54018pt.

<Pictures/f202.png, id=66, 293.59688pt x 180.675pt>
File: Pictures/f202.png Graphic file (type png)
 <use Pictures/f202.png>
Package pdftex.def Info: Pictures/f202.png used on input line 35.
(pdftex.def)             Requested size: 234.8778pt x 144.54018pt.

[3

]

Package natbib Warning: Citation `Method' on page 4 undefined on input line 41.



LaTeX Warning: Reference `fig:f201' on page 4 undefined on input line 41.


Underfull \hbox (badness 10000) in paragraph at lines 40--42

 []

! Misplaced alignment tab character &.
<argument> Literature review &
                               Overall Description
l.42 
     
I can't figure out why you would want to use a tab mark
here. If you just want an ampersand, the remedy is
simple: Just type `I\&' now. But if some right brace
up above has ended a previous alignment prematurely,
you're probably due for more error messages, and you
might try typing `S' now just to see what is salvageable.

[4 <./Pictures/f201.png> <./Pictures/f202.png>]

Package natbib Warning: Citation `Machine' on page 5 undefined on input line 44
.


LaTeX Warning: Reference `fig:f202' on page 5 undefined on input line 44.

) (./Chapters/Chapter3.tex
! Misplaced alignment tab character &.
<argument> Literature review &
                               Overall Description
l.3 \chapter
            {Background Knowledge} % Main chapter title
I can't figure out why you would want to use a tab mark
here. If you just want an ampersand, the remedy is
simple: Just type `I\&' now. But if some right brace
up above has ended a previous alignment prematurely,
you're probably due for more error messages, and you
might try typing `S' now just to see what is salvageable.

[5]
Chapter 3.
------------------------------------------------------------------------------
 3 Background Knowledge
------------------------------------------------------------------------------
<Pictures/f301.png, id=84, 307.1475pt x 155.83218pt>
File: Pictures/f301.png Graphic file (type png)
 <use Pictures/f301.png>
Package pdftex.def Info: Pictures/f301.png used on input line 18.
(pdftex.def)             Requested size: 307.14674pt x 155.8318pt.


LaTeX Warning: Reference `fig:f301' on page 6 undefined on input line 22.


LaTeX Warning: Reference `fig:f302' on page 6 undefined on input line 22.


LaTeX Warning: Reference `fig:f302' on page 6 undefined on input line 22.


LaTeX Warning: Reference `fig:f302' on page 6 undefined on input line 22.

<Pictures/f302.png, id=85, 453.19313pt x 143.03438pt>
File: Pictures/f302.png Graphic file (type png)
 <use Pictures/f302.png>
Package pdftex.def Info: Pictures/f302.png used on input line 27.
(pdftex.def)             Requested size: 362.555pt x 114.42764pt.


LaTeX Warning: Reference `fig:f303' on page 6 undefined on input line 36.

<Pictures/f303.png, id=86, 225.84375pt x 137.01187pt>
File: Pictures/f303.png Graphic file (type png)
 <use Pictures/f303.png>
Package pdftex.def Info: Pictures/f303.png used on input line 39.
(pdftex.def)             Requested size: 225.84319pt x 137.01154pt.

[6

]

LaTeX Warning: Reference `fig:f304' on page 7 undefined on input line 54.

[7 <./Pictures/f301.png> <./Pictures/f302.png> <./Pictures/f303.png>]
<Pictures/f304a.png, id=109, 174.6525pt x 174.6525pt>
File: Pictures/f304a.png Graphic file (type png)
 <use Pictures/f304a.png>
Package pdftex.def Info: Pictures/f304a.png used on input line 63.
(pdftex.def)             Requested size: 125.24318pt x 125.24335pt.

<Pictures/f304b.png, id=110, 174.6525pt x 173.14688pt>
File: Pictures/f304b.png Graphic file (type png)

<use Pictures/f304b.png>
Package pdftex.def Info: Pictures/f304b.png used on input line 69.
(pdftex.def)             Requested size: 125.24318pt x 124.16367pt.

<Pictures/f304c.png, id=111, 173.89969pt x 173.89969pt>
File: Pictures/f304c.png Graphic file (type png)

<use Pictures/f304c.png>
Package pdftex.def Info: Pictures/f304c.png used on input line 75.
(pdftex.def)             Requested size: 125.24318pt x 125.24216pt.

<Pictures/f304d.png, id=112, 174.6525pt x 175.40532pt>
File: Pictures/f304d.png Graphic file (type png)

<use Pictures/f304d.png>
Package pdftex.def Info: Pictures/f304d.png used on input line 79.
(pdftex.def)             Requested size: 125.24318pt x 125.78319pt.

<Pictures/f304e.png, id=113, 174.6525pt x 176.91093pt>
File: Pictures/f304e.png Graphic file (type png)

<use Pictures/f304e.png>
Package pdftex.def Info: Pictures/f304e.png used on input line 83.
(pdftex.def)             Requested size: 125.24318pt x 126.86287pt.

<Pictures/f304f.png, id=114, 174.6525pt x 176.91093pt>
File: Pictures/f304f.png Graphic file (type png)

<use Pictures/f304f.png>
Package pdftex.def Info: Pictures/f304f.png used on input line 87.
(pdftex.def)             Requested size: 125.24318pt x 126.86287pt.


LaTeX Warning: Reference `fig:f305' on page 8 undefined on input line 92.

<Pictures/f305.png, id=115, 213.04594pt x 140.02313pt>
File: Pictures/f305.png Graphic file (type png)
 <use Pictures/f305.png>
Package pdftex.def Info: Pictures/f305.png used on input line 95.
(pdftex.def)             Requested size: 149.13113pt x 98.01552pt.

[8 <./Pictures/f304a.png> <./Pictures/f304b.png> <./Pictures/f304c.png> <./Pict
ures/f304d.png> <./Pictures/f304e.png> <./Pictures/f304f.png> <./Pictures/f305.
png>]

LaTeX Warning: Reference `fig:f306' on page 9 undefined on input line 102.

<Pictures/f306.png, id=122, 153.57375pt x 121.95563pt>
File: Pictures/f306.png Graphic file (type png)
 <use Pictures/f306.png>
Package pdftex.def Info: Pictures/f306.png used on input line 105.
(pdftex.def)             Requested size: 153.57336pt x 121.9553pt.


LaTeX Warning: Reference `fig:f307' on page 9 undefined on input line 115.

<Pictures/f307.png, id=124, 162.6075pt x 118.19156pt>
File: Pictures/f307.png Graphic file (type png)
 <use Pictures/f307.png>
Package pdftex.def Info: Pictures/f307.png used on input line 119.
(pdftex.def)             Requested size: 162.6071pt x 118.19127pt.

[9 <./Pictures/f306.png>]

LaTeX Warning: Reference `eq:sig_b' on page 10 undefined on input line 129.


LaTeX Warning: Reference `eq:sig_f' on page 10 undefined on input line 129.


LaTeX Warning: Reference `eq:w_b' on page 10 undefined on input line 129.


LaTeX Warning: Reference `eq:w_f' on page 10 undefined on input line 129.


LaTeX Warning: Reference `eq:sumWeight' on page 10 undefined on input line 135.



LaTeX Warning: Reference `fig:f308' on page 10 undefined on input line 135.


LaTeX Warning: Reference `eq:sumWeight' on page 10 undefined on input line 135.


<Pictures/f308.png, id=135, 444.15938pt x 334.24875pt>
File: Pictures/f308.png Graphic file (type png)
 <use Pictures/f308.png>
Package pdftex.def Info: Pictures/f308.png used on input line 138.
(pdftex.def)             Requested size: 444.15828pt x 334.24792pt.

Overfull \hbox (26.68521pt too wide) in paragraph at lines 138--139
 [][] 
 []


LaTeX Warning: Reference `fig:f309' on page 10 undefined on input line 142.

<Pictures/f309.png, id=136, 164.86594pt x 61.73062pt>
File: Pictures/f309.png Graphic file (type png)
 <use Pictures/f309.png>
Package pdftex.def Info: Pictures/f309.png used on input line 145.
(pdftex.def)             Requested size: 164.86551pt x 61.73045pt.

[10 <./Pictures/f307.png>]

LaTeX Warning: Reference `fig:f3010a' on page 11 undefined on input line 158.


LaTeX Warning: Reference `fig:f3010b' on page 11 undefined on input line 158.

<Pictures/f3010a.png, id=148, 168.63pt x 100.87688pt>
File: Pictures/f3010a.png Graphic file (type png)

<use Pictures/f3010a.png>
Package pdftex.def Info: Pictures/f3010a.png used on input line 162.
(pdftex.def)             Requested size: 125.24318pt x 74.92323pt.

<Pictures/f3010b.png, id=149, 168.63pt x 100.87688pt>
File: Pictures/f3010b.png Graphic file (type png)

<use Pictures/f3010b.png>
Package pdftex.def Info: Pictures/f3010b.png used on input line 166.
(pdftex.def)             Requested size: 125.24318pt x 74.92323pt.
File: Pictures/f3010b.png Graphic file (type png)
 <use Pictures/f3010b.png>
Package pdftex.def Info: Pictures/f3010b.png used on input line 181.
(pdftex.def)             Requested size: 125.24318pt x 74.92323pt.

<Pictures/f3011b.png, id=150, 168.63pt x 100.87688pt>
File: Pictures/f3011b.png Graphic file (type png)

<use Pictures/f3011b.png>
Package pdftex.def Info: Pictures/f3011b.png used on input line 185.
(pdftex.def)             Requested size: 125.24318pt x 74.92323pt.


LaTeX Warning: Reference `fig:f3011' on page 11 undefined on input line 190.


LaTeX Warning: Reference `fig:f3011a' on page 11 undefined on input line 190.


LaTeX Warning: Reference `fig:f3011b' on page 11 undefined on input line 190.

[11 <./Pictures/f308.png> <./Pictures/f309.png>]

LaTeX Warning: Reference `fig:f3012' on page 12 undefined on input line 192.


LaTeX Warning: Reference `fig:f3012a' on page 12 undefined on input line 192.


LaTeX Warning: Reference `fig:f3012b' on page 12 undefined on input line 192.

<Pictures/f3012a.png, id=160, 578.16pt x 433.62pt>
File: Pictures/f3012a.png Graphic file (type png)
 <use Pictures/f3012a.png>
Package pdftex.def Info: Pictures/f3012a.png used on input line 196.
(pdftex.def)             Requested size: 166.98668pt x 125.2371pt.

<Pictures/f3012b.png, id=161, 578.16pt x 433.62pt>
File: Pictures/f3012b.png Graphic file (type png)
 <use Pictures/f3012b.png>
Package pdftex.def Info: Pictures/f3012b.png used on input line 200.
(pdftex.def)             Requested size: 166.98668pt x 125.2371pt.


LaTeX Warning: Reference `fig:f3013a' on page 12 undefined on input line 211.


LaTeX Warning: Reference `fig:f3013b' on page 12 undefined on input line 211.

File: Pictures/f3011b.png Graphic file (type png)
<use Pictures/f3011b.png>
Package pdftex.def Info: Pictures/f3011b.png used on input line 215.
(pdftex.def)             Requested size: 125.24318pt x 74.92323pt.

<Pictures/f3013b.png, id=162, 168.63pt x 100.87688pt>
File: Pictures/f3013b.png Graphic file (type png)

<use Pictures/f3013b.png>
Package pdftex.def Info: Pictures/f3013b.png used on input line 219.
(pdftex.def)             Requested size: 125.24318pt x 74.92323pt.
 [12 <./Pictures/f3010a.png> <./Pictures/f3010b.png> <./Pictures/f3011b.png>]
LaTeX Font Info:    Try loading font information for OMS+cmr on input line 232.


(/usr/local/texlive/2014/texmf-dist/tex/latex/base/omscmr.fd
File: omscmr.fd 1999/05/25 v2.5h Standard LaTeX font definitions
)
LaTeX Font Info:    Font shape `OMS/cmr/m/n' in size <10.95> not available
(Font)              Font shape `OMS/cmsy/m/n' tried instead on input line 232.
 [13 <./Pictures/f3012a.png> <./Pictures/f3012b.png> <./Pictures/f3013b.png>]

LaTeX Warning: Reference `fig:f3014a' on page 14 undefined on input line 272.


LaTeX Warning: Reference `fig:f3014b' on page 14 undefined on input line 272.


LaTeX Warning: Reference `fig:f3014g' on page 14 undefined on input line 272.

<Pictures/f3014a.png, id=181, 168.63pt x 94.10156pt>
File: Pictures/f3014a.png Graphic file (type png)
 <use Pictures/f3014a.png>
Package pdftex.def Info: Pictures/f3014a.png used on input line 276.
(pdftex.def)             Requested size: 166.98668pt x 93.18666pt.

<Pictures/f3014b.png, id=182, 167.87718pt x 94.10156pt>
File: Pictures/f3014b.png Graphic file (type png)

<use Pictures/f3014b.png>
Package pdftex.def Info: Pictures/f3014b.png used on input line 280.
(pdftex.def)             Requested size: 166.98668pt x 93.60306pt.

<Pictures/f3014c.png, id=183, 167.12437pt x 94.10156pt>
File: Pictures/f3014c.png Graphic file (type png)

<use Pictures/f3014c.png>
Package pdftex.def Info: Pictures/f3014c.png used on input line 284.
(pdftex.def)             Requested size: 166.98668pt x 94.03096pt.

<Pictures/f3014d.png, id=184, 167.12437pt x 94.10156pt>
File: Pictures/f3014d.png Graphic file (type png)

<use Pictures/f3014d.png>
Package pdftex.def Info: Pictures/f3014d.png used on input line 288.
(pdftex.def)             Requested size: 166.98668pt x 94.03096pt.

<Pictures/f3014e.png, id=185, 166.37157pt x 94.10156pt>
File: Pictures/f3014e.png Graphic file (type png)

<use Pictures/f3014e.png>
Package pdftex.def Info: Pictures/f3014e.png used on input line 292.
(pdftex.def)             Requested size: 166.98668pt x 94.45598pt.

<Pictures/f3014f.png, id=186, 167.12437pt x 94.10156pt>
File: Pictures/f3014f.png Graphic file (type png)

<use Pictures/f3014f.png>
Package pdftex.def Info: Pictures/f3014f.png used on input line 296.
(pdftex.def)             Requested size: 166.98668pt x 94.03096pt.

<Pictures/f3014g.png, id=187, 167.12437pt x 94.10156pt>
File: Pictures/f3014g.png Graphic file (type png)

<use Pictures/f3014g.png>
Package pdftex.def Info: Pictures/f3014g.png used on input line 300.
(pdftex.def)             Requested size: 166.98668pt x 94.03096pt.
) (./Chapters/Chapter4.tex [14] [15 <./Pictures/f3014a.png> <./Pictures/f3014b.
png> <./Pictures/f3014c.png> <./Pictures/f3014d.png> <./Pictures/f3014e.png> <.
/Pictures/f3014f.png> <./Pictures/f3014g.png>]
Chapter 4.
------------------------------------------------------------------------------
 4 Requirements and Analysis
------------------------------------------------------------------------------

Underfull \hbox (badness 10000) in paragraph at lines 36--44

 []

[16

]

LaTeX Warning: Reference `fig:f401' on page 17 undefined on input line 51.

<Pictures/f401.png, id=205, 284.56313pt x 278.54062pt>
File: Pictures/f401.png Graphic file (type png)
 <use Pictures/f401.png>
Package pdftex.def Info: Pictures/f401.png used on input line 54.
(pdftex.def)             Requested size: 284.56242pt x 278.53993pt.


LaTeX Warning: Reference `tab:t401' on page 17 undefined on input line 64.


LaTeX Warning: Reference `tab:t403' on page 17 undefined on input line 64.

[17 <./Pictures/f401.png>]

LaTeX Warning: Reference `tab:t401' on page 18 undefined on input line 66.


LaTeX Warning: Reference `tab:t402' on page 18 undefined on input line 68.


LaTeX Warning: Reference `tab:t403' on page 18 undefined on input line 70.


Underfull \hbox (badness 1052) in paragraph at lines 84--84
[]\OT1/cmr/m/n/10.95 1) User presses the gallery
 []


Underfull \hbox (badness 2126) in paragraph at lines 90--91
[]\OT1/cmr/m/n/10.95 2) Sys-tem dis-play mes-sage
 []


Underfull \hbox (badness 1314) in paragraph at lines 113--114
[]\OT1/cmr/m/n/10.95 2) The iPhone's cam-era is
 []


Underfull \hbox (badness 2126) in paragraph at lines 118--119
[]\OT1/cmr/m/n/10.95 2) Sys-tem dis-play mes-sage
 []

<Pictures/f402.png, id=213, 304.13625pt x 319.1925pt>
File: Pictures/f402.png Graphic file (type png)
 <use Pictures/f402.png>
Package pdftex.def Info: Pictures/f402.png used on input line 157.
(pdftex.def)             Requested size: 304.1355pt x 319.19171pt.


LaTeX Warning: Reference `fig:f402' on page 18 undefined on input line 162.

) (./Chapters/Chapter5.tex [18] [19] [20 <./Pictures/f402.png>]
Chapter 5.
------------------------------------------------------------------------------
 5 Software Design
------------------------------------------------------------------------------

LaTeX Warning: Reference `fig:f501' on page 21 undefined on input line 21.

<Pictures/f501.png, id=233, 518.6878pt x 378.66469pt>
File: Pictures/f501.png Graphic file (type png)
 <use Pictures/f501.png>
Package pdftex.def Info: Pictures/f501.png used on input line 24.
(pdftex.def)             Requested size: 363.07898pt x 265.06346pt.


LaTeX Warning: Reference `fig:f502' on page 21 undefined on input line 34.

<Pictures/f502.png, id=234, 343.2825pt x 196.48407pt>
File: Pictures/f502.png Graphic file (type png)
 <use Pictures/f502.png>
Package pdftex.def Info: Pictures/f502.png used on input line 37.
(pdftex.def)             Requested size: 308.95139pt x 176.83401pt.

[21

]

LaTeX Warning: Reference `fig:f503' on page 22 undefined on input line 46.

<Pictures/f503.png, id=243, 292.09125pt x 164.11313pt>
File: Pictures/f503.png Graphic file (type png)
 <use Pictures/f503.png>
Package pdftex.def Info: Pictures/f503.png used on input line 49.
(pdftex.def)             Requested size: 262.87967pt x 147.70044pt.

[22 <./Pictures/f501.png> <./Pictures/f502.png>]

LaTeX Warning: Reference `fig:f504' on page 23 undefined on input line 58.

<Pictures/f504.png, id=251, 310.15875pt x 207.77625pt>
File: Pictures/f504.png Graphic file (type png)
 <use Pictures/f504.png>
Package pdftex.def Info: Pictures/f504.png used on input line 61.
(pdftex.def)             Requested size: 279.14029pt x 186.99687pt.
) (./Chapters/Chapter6.tex [23 <./Pictures/f503.png> <./Pictures/f504.png>]
Chapter 6.
------------------------------------------------------------------------------
 6 Developments
------------------------------------------------------------------------------

LaTeX Warning: Reference `fig:f601' on page 24 undefined on input line 15.

<Pictures/f601a.png, id=259, 91.84312pt x 103.13531pt>
File: Pictures/f601a.png Graphic file (type png)

<use Pictures/f601a.png>
Package pdftex.def Info: Pictures/f601a.png used on input line 19.
(pdftex.def)             Requested size: 83.49333pt x 93.76512pt.
 <Pictures/f601b.png, id=260, 85.06781pt x 85.06781pt>
File: Pictures/f601b.png Graphic file (type png)

<use Pictures/f601b.png>
Package pdftex.def Info: Pictures/f601b.png used on input line 23.
(pdftex.def)             Requested size: 83.49333pt x 83.49828pt.
 <Pictures/f601c.png, id=261, 64.74188pt x 79.79813pt>
File: Pictures/f601c.png Graphic file (type png)

<use Pictures/f601c.png>
Package pdftex.def Info: Pictures/f601c.png used on input line 27.
(pdftex.def)             Requested size: 83.49333pt x 102.92172pt.
 [24

]

LaTeX Warning: Reference `fig:f603' on page 25 undefined on input line 63.


LaTeX Warning: Reference `fig:f603' on page 25 undefined on input line 63.

<Pictures/f603.png, id=272, 1017.8025pt x 554.07pt>
File: Pictures/f603.png Graphic file (type png)
 <use Pictures/f603.png>
Package pdftex.def Info: Pictures/f603.png used on input line 70.
(pdftex.def)             Requested size: 305.34311pt x 166.22227pt.


LaTeX Warning: Reference `fig:f603' on page 25 undefined on input line 74.


LaTeX Warning: Reference `fig:f603' on page 25 undefined on input line 79.

[25 <./Pictures/f601a.png> <./Pictures/f601b.png> <./Pictures/f601c.png>]

LaTeX Warning: Reference `fig:f602' on page 26 undefined on input line 87.

<Pictures/f602.png, id=280, 198.7425pt x 249.18094pt>
File: Pictures/f602.png Graphic file (type png)
 <use Pictures/f602.png>
Package pdftex.def Info: Pictures/f602.png used on input line 90.
(pdftex.def)             Requested size: 198.742pt x 249.18031pt.


LaTeX Warning: Reference `fig:f604a' on page 26 undefined on input line 101.


LaTeX Warning: Reference `fig:f604b' on page 26 undefined on input line 101.

<Pictures/f604a.png, id=281, 144.54pt x 144.54pt>
File: Pictures/f604a.png Graphic file (type png)
 <use Pictures/f604a.png>
Package pdftex.def Info: Pictures/f604a.png used on input line 105.
(pdftex.def)             Requested size: 125.24318pt x 125.2415pt.

<Pictures/f604b.png, id=282, 144.54pt x 144.54pt>
File: Pictures/f604b.png Graphic file (type png)
 <use Pictures/f604b.png>
Package pdftex.def Info: Pictures/f604b.png used on input line 109.
(pdftex.def)             Requested size: 125.24318pt x 125.2415pt.


LaTeX Warning: Reference `fig:f606' on page 26 undefined on input line 118.


LaTeX Warning: Reference `sec:3.4' on page 26 undefined on input line 118.


LaTeX Warning: Reference `sec:3.1' on page 26 undefined on input line 118.

<Pictures/f605.png, id=283, 144.54pt x 144.54pt>
File: Pictures/f605.png Graphic file (type png)
 <use Pictures/f605.png>
Package pdftex.def Info: Pictures/f605.png used on input line 121.
(pdftex.def)             Requested size: 144.53963pt x 144.53963pt.

[26 <./Pictures/f603.png>]

LaTeX Warning: Reference `fig:f606' on page 27 undefined on input line 131.


LaTeX Warning: Reference `sec:3.5' on page 27 undefined on input line 131.


LaTeX Warning: Reference `sec:3.2' on page 27 undefined on input line 131.

<Pictures/f606.png, id=292, 144.54pt x 144.54pt>
File: Pictures/f606.png Graphic file (type png)
 <use Pictures/f606.png>
Package pdftex.def Info: Pictures/f606.png used on input line 134.
(pdftex.def)             Requested size: 144.53963pt x 144.53963pt.

[27 <./Pictures/f602.png> <./Pictures/f604a.png> <./Pictures/f604b.png>]

LaTeX Warning: Reference `fig:f609a' on page 28 undefined on input line 143.


LaTeX Warning: Reference `fig:f607' on page 28 undefined on input line 143.

<Pictures/f607.png, id=301, 376.40625pt x 82.05656pt>
File: Pictures/f607.png Graphic file (type png)
 <use Pictures/f607.png>
Package pdftex.def Info: Pictures/f607.png used on input line 146.
(pdftex.def)             Requested size: 376.40532pt x 82.05635pt.


LaTeX Warning: Reference `fig:f608' on page 28 undefined on input line 151.

<Pictures/f608.png, id=302, 369.63094pt x 36.135pt>
File: Pictures/f608.png Graphic file (type png)
 <use Pictures/f608.png>
Package pdftex.def Info: Pictures/f608.png used on input line 154.
(pdftex.def)             Requested size: 369.63002pt x 36.13489pt.


LaTeX Warning: Reference `fig:f608' on page 28 undefined on input line 158.

[28 <./Pictures/f605.png> <./Pictures/f606.png>]

LaTeX Warning: Reference `fig:f609a' on page 29 undefined on input line 160.


LaTeX Warning: Reference `fig:f609b' on page 29 undefined on input line 160.

<Pictures/f609a.png, id=312, 146.04562pt x 146.04562pt>
File: Pictures/f609a.png Graphic file (type png)

<use Pictures/f609a.png>
Package pdftex.def Info: Pictures/f609a.png used on input line 164.
(pdftex.def)             Requested size: 125.24318pt x 125.24689pt.

<Pictures/f609b.png, id=313, 146.04562pt x 146.04562pt>
File: Pictures/f609b.png Graphic file (type png)

<use Pictures/f609b.png>
Package pdftex.def Info: Pictures/f609b.png used on input line 168.
(pdftex.def)             Requested size: 125.24318pt x 125.24689pt.
) (./Chapters/Chapter7.tex [29 <./Pictures/f607.png> <./Pictures/f608.png> <./P
ictures/f609a.png> <./Pictures/f609b.png>]
Chapter 7.
------------------------------------------------------------------------------
 7 Evaluations and Discussions
------------------------------------------------------------------------------

LaTeX Warning: Reference `fig:701' on page 30 undefined on input line 15.


LaTeX Warning: Reference `fig:f702' on page 30 undefined on input line 15.

<Pictures/f701a.png, id=323, 93.34875pt x 164.86594pt>
File: Pictures/f701a.png Graphic file (type png)

<use Pictures/f701a.png>
Package pdftex.def Info: Pictures/f701a.png used on input line 19.
(pdftex.def)             Requested size: 83.49333pt x 147.46729pt.

<Pictures/f701b.png, id=324, 93.34875pt x 165.61874pt>
File: Pictures/f701b.png Graphic file (type png)

<use Pictures/f701b.png>
Package pdftex.def Info: Pictures/f701b.png used on input line 23.
(pdftex.def)             Requested size: 83.49333pt x 148.14066pt.

<Pictures/f701c.png, id=325, 94.10156pt x 165.61874pt>
File: Pictures/f701c.png Graphic file (type png)

<use Pictures/f701c.png>
Package pdftex.def Info: Pictures/f701c.png used on input line 27.
(pdftex.def)             Requested size: 83.49333pt x 146.95796pt.

<Pictures/f701d.png, id=326, 94.10156pt x 166.37157pt>
File: Pictures/f701d.png Graphic file (type png)

<use Pictures/f701d.png>
Package pdftex.def Info: Pictures/f701d.png used on input line 31.
(pdftex.def)             Requested size: 83.49333pt x 147.62595pt.


LaTeX Warning: Reference `fig:701' on page 30 undefined on input line 38.


LaTeX Warning: Reference `fig:f701a' on page 30 undefined on input line 38.


LaTeX Warning: Reference `fig:f701b' on page 30 undefined on input line 38.


LaTeX Warning: Reference `fig:f701c' on page 30 undefined on input line 38.


LaTeX Warning: Reference `fig:f701d' on page 30 undefined on input line 38.

<Pictures/f702a.png, id=327, 94.85437pt x 165.61874pt>
File: Pictures/f702a.png Graphic file (type png)

<use Pictures/f702a.png>
Package pdftex.def Info: Pictures/f702a.png used on input line 42.
(pdftex.def)             Requested size: 83.49333pt x 145.78537pt.

<Pictures/f702b.png, id=328, 89.58469pt x 165.61874pt>
File: Pictures/f702b.png Graphic file (type png)

<use Pictures/f702b.png>
Package pdftex.def Info: Pictures/f702b.png used on input line 46.
(pdftex.def)             Requested size: 83.49333pt x 154.36752pt.

<Pictures/f702c.png, id=329, 89.58469pt x 165.61874pt>
File: Pictures/f702c.png Graphic file (type png)

<use Pictures/f702c.png>
Package pdftex.def Info: Pictures/f702c.png used on input line 50.
(pdftex.def)             Requested size: 83.49333pt x 154.36752pt.

<Pictures/f702d.png, id=330, 89.58469pt x 165.61874pt>
File: Pictures/f702d.png Graphic file (type png)

<use Pictures/f702d.png>
Package pdftex.def Info: Pictures/f702d.png used on input line 54.
(pdftex.def)             Requested size: 83.49333pt x 154.36752pt.


LaTeX Warning: Reference `fig:f702' on page 30 undefined on input line 61.


LaTeX Warning: Reference `fig:f702a' on page 30 undefined on input line 61.


LaTeX Warning: Reference `fig:f702b' on page 30 undefined on input line 61.


LaTeX Warning: Reference `fig:f702c' on page 30 undefined on input line 61.


LaTeX Warning: Reference `fig:f702d' on page 30 undefined on input line 61.

[30

]) (./Chapters/Chapter8.tex [31 <./Pictures/f701a.png> <./Pictures/f701b.png> <
./Pictures/f701c.png> <./Pictures/f701d.png> <./Pictures/f702a.png> <./Pictures
/f702b.png> <./Pictures/f702c.png> <./Pictures/f702d.png>]
Chapter 8.
------------------------------------------------------------------------------
 8 Results
------------------------------------------------------------------------------

LaTeX Warning: Reference `fig:f801' on page 32 undefined on input line 15.


LaTeX Warning: Reference `tab:t801' on page 32 undefined on input line 17.

<Pictures/f801.png, id=345, 389.95688pt x 352.31625pt>
File: Pictures/f801.png Graphic file (type png)
 <use Pictures/f801.png>
Package pdftex.def Info: Pictures/f801.png used on input line 20.
(pdftex.def)             Requested size: 272.96794pt x 246.61969pt.

Overfull \hbox (47.73953pt too wide) in paragraph at lines 26--39
 [][] 
 []


Underfull \hbox (badness 10000) in paragraph at lines 57--57
[]\OT1/cmr/m/n/10.95 Actual
 []


Overfull \hbox (1.4251pt too wide) in paragraph at lines 57--57
[]\OT1/cmr/m/n/10.95 Counting
 []


Overfull \hbox (1.4251pt too wide) in paragraph at lines 57--57
[]\OT1/cmr/m/n/10.95 Counting
 []


Overfull \hbox (1.4251pt too wide) in paragraph at lines 57--57
[]\OT1/cmr/m/n/10.95 Counting
 []


Overfull \hbox (1.4251pt too wide) in paragraph at lines 57--58
[]\OT1/cmr/m/n/10.95 Counting
 []


Underfull \hbox (badness 10000) in paragraph at lines 78--78
[]\OT1/cmr/m/n/10.95 Actual
 []


Overfull \hbox (1.4251pt too wide) in paragraph at lines 78--78
[]\OT1/cmr/m/n/10.95 Counting
 []


Overfull \hbox (1.4251pt too wide) in paragraph at lines 78--78
[]\OT1/cmr/m/n/10.95 Counting
 []


Overfull \hbox (1.4251pt too wide) in paragraph at lines 78--78
[]\OT1/cmr/m/n/10.95 Counting
 []


Overfull \hbox (1.4251pt too wide) in paragraph at lines 78--79
[]\OT1/cmr/m/n/10.95 Counting
 []


Underfull \hbox (badness 10000) in paragraph at lines 99--99
[]\OT1/cmr/m/n/10.95 Actual
 []


Overfull \hbox (1.4251pt too wide) in paragraph at lines 99--99
[]\OT1/cmr/m/n/10.95 Counting
 []


Overfull \hbox (1.4251pt too wide) in paragraph at lines 99--99
[]\OT1/cmr/m/n/10.95 Counting
 []


Overfull \hbox (1.4251pt too wide) in paragraph at lines 99--99
[]\OT1/cmr/m/n/10.95 Counting
 []


Overfull \hbox (1.4251pt too wide) in paragraph at lines 99--100
[]\OT1/cmr/m/n/10.95 Counting
 []


Underfull \hbox (badness 10000) in paragraph at lines 120--120
[]\OT1/cmr/m/n/10.95 Actual
 []


Overfull \hbox (1.4251pt too wide) in paragraph at lines 120--120
[]\OT1/cmr/m/n/10.95 Counting
 []


Overfull \hbox (1.4251pt too wide) in paragraph at lines 120--120
[]\OT1/cmr/m/n/10.95 Counting
 []


Overfull \hbox (1.4251pt too wide) in paragraph at lines 120--120
[]\OT1/cmr/m/n/10.95 Counting
 []


Overfull \hbox (1.4251pt too wide) in paragraph at lines 120--121
[]\OT1/cmr/m/n/10.95 Counting
 []


Underfull \hbox (badness 10000) in paragraph at lines 147--147
[]\OT1/cmr/m/n/10.95 Actual
 []


Overfull \hbox (1.4251pt too wide) in paragraph at lines 147--147
[]\OT1/cmr/m/n/10.95 Counting
 []


Overfull \hbox (1.4251pt too wide) in paragraph at lines 147--147
[]\OT1/cmr/m/n/10.95 Counting
 []


Overfull \hbox (1.4251pt too wide) in paragraph at lines 147--147
[]\OT1/cmr/m/n/10.95 Counting
 []


Overfull \hbox (1.4251pt too wide) in paragraph at lines 147--148
[]\OT1/cmr/m/n/10.95 Counting
 []


Underfull \hbox (badness 10000) in paragraph at lines 168--168
[]\OT1/cmr/m/n/10.95 Actual
 []


Overfull \hbox (1.4251pt too wide) in paragraph at lines 168--168
[]\OT1/cmr/m/n/10.95 Counting
 []


Overfull \hbox (1.4251pt too wide) in paragraph at lines 168--168
[]\OT1/cmr/m/n/10.95 Counting
 []


Overfull \hbox (1.4251pt too wide) in paragraph at lines 168--168
[]\OT1/cmr/m/n/10.95 Counting
 []


Overfull \hbox (1.4251pt too wide) in paragraph at lines 168--169
[]\OT1/cmr/m/n/10.95 Counting
 []


Underfull \hbox (badness 10000) in paragraph at lines 189--189
[]\OT1/cmr/m/n/10.95 Actual
 []


Overfull \hbox (1.4251pt too wide) in paragraph at lines 189--189
[]\OT1/cmr/m/n/10.95 Counting
 []


Overfull \hbox (1.4251pt too wide) in paragraph at lines 189--189
[]\OT1/cmr/m/n/10.95 Counting
 []


Overfull \hbox (1.4251pt too wide) in paragraph at lines 189--189
[]\OT1/cmr/m/n/10.95 Counting
 []


Overfull \hbox (1.4251pt too wide) in paragraph at lines 189--190
[]\OT1/cmr/m/n/10.95 Counting
 []


Underfull \hbox (badness 10000) in paragraph at lines 210--210
[]\OT1/cmr/m/n/10.95 Actual
 []


Overfull \hbox (1.4251pt too wide) in paragraph at lines 210--210
[]\OT1/cmr/m/n/10.95 Counting
 []


Overfull \hbox (1.4251pt too wide) in paragraph at lines 210--210
[]\OT1/cmr/m/n/10.95 Counting
 []


Overfull \hbox (1.4251pt too wide) in paragraph at lines 210--210
[]\OT1/cmr/m/n/10.95 Counting
 []


Overfull \hbox (1.4251pt too wide) in paragraph at lines 210--211
[]\OT1/cmr/m/n/10.95 Counting
 []


Underfull \hbox (badness 10000) in paragraph at lines 235--235
[]\OT1/cmr/m/n/10.95 Actual
 []


Overfull \hbox (1.4251pt too wide) in paragraph at lines 235--235
[]\OT1/cmr/m/n/10.95 Counting
 []


Overfull \hbox (1.4251pt too wide) in paragraph at lines 235--235
[]\OT1/cmr/m/n/10.95 Counting
 []


Overfull \hbox (1.4251pt too wide) in paragraph at lines 235--235
[]\OT1/cmr/m/n/10.95 Counting
 []


Overfull \hbox (1.4251pt too wide) in paragraph at lines 235--236
[]\OT1/cmr/m/n/10.95 Counting
 []


Underfull \hbox (badness 10000) in paragraph at lines 256--256
[]\OT1/cmr/m/n/10.95 Actual
 []


Overfull \hbox (1.4251pt too wide) in paragraph at lines 256--256
[]\OT1/cmr/m/n/10.95 Counting
 []


Overfull \hbox (1.4251pt too wide) in paragraph at lines 256--256
[]\OT1/cmr/m/n/10.95 Counting
 []


Overfull \hbox (1.4251pt too wide) in paragraph at lines 256--256
[]\OT1/cmr/m/n/10.95 Counting
 []


Overfull \hbox (1.4251pt too wide) in paragraph at lines 256--257
[]\OT1/cmr/m/n/10.95 Counting
 []

[32

]

LaTeX Warning: Reference `teb:test801' on page 33 undefined on input line 269.


LaTeX Warning: Reference `teb:test804' on page 33 undefined on input line 269.


LaTeX Warning: Reference `teb:test805' on page 33 undefined on input line 269.


LaTeX Warning: Reference `teb:test808' on page 33 undefined on input line 269.


LaTeX Warning: Reference `teb:test809' on page 33 undefined on input line 270.


LaTeX Warning: Reference `teb:test8010' on page 33 undefined on input line 270.


[33 <./Pictures/f801.png>]) (./Chapters/Chapter9.tex [34] [35] [36]
Chapter 9.
------------------------------------------------------------------------------
 9 Conclusion
------------------------------------------------------------------------------
[37

]

LaTeX Warning: Reference `fig:f901' on page 38 undefined on input line 39.

<Pictures/f901a.png, id=389, 166.37157pt x 94.10156pt>
File: Pictures/f901a.png Graphic file (type png)

<use Pictures/f901a.png>
Package pdftex.def Info: Pictures/f901a.png used on input line 43.
(pdftex.def)             Requested size: 166.98668pt x 94.45598pt.

<Pictures/f901b.png, id=390, 166.37157pt x 93.34875pt>
File: Pictures/f901b.png Graphic file (type png)

<use Pictures/f901b.png>
Package pdftex.def Info: Pictures/f901b.png used on input line 47.
(pdftex.def)             Requested size: 166.98668pt x 93.70033pt.


LaTeX Warning: Reference `fig:f901a' on page 38 undefined on input line 54.


LaTeX Warning: Reference `fig:f901b' on page 38 undefined on input line 54.


LaTeX Warning: Reference `fig:f902' on page 38 undefined on input line 54.

<Pictures/f902.png, id=391, 427.5975pt x 245.41687pt>
File: Pictures/f902.png Graphic file (type png)
 <use Pictures/f902.png>
Package pdftex.def Info: Pictures/f902.png used on input line 57.
(pdftex.def)             Requested size: 427.59645pt x 245.41626pt.

Overfull \hbox (10.12338pt too wide) in paragraph at lines 57--58
 [][] 
 []


LaTeX Warning: Reference `fig:f903' on page 38 undefined on input line 62.

<Pictures/f903.png, id=392, 439.6425pt x 225.84375pt>
File: Pictures/f903.png Graphic file (type png)
 <use Pictures/f903.png>
Package pdftex.def Info: Pictures/f903.png used on input line 65.
(pdftex.def)             Requested size: 439.64142pt x 225.84319pt.

Overfull \hbox (22.16835pt too wide) in paragraph at lines 65--66
 [][] 
 []

[38 <./Pictures/f901a.png> <./Pictures/f901b.png>] [39 <./Pictures/f902.png> <.
/Pictures/f903.png>]) [40]
------------------------------------------------------------------------------
 Bibliography
------------------------------------------------------------------------------

Underfull \hbox (badness 10000) in paragraph at lines 264--269
[]\OT1/cmr/m/n/10.95 Instructables, \OT1/cmr/m/it/10.95 Im-age Pro-cess-ing and
 Count-ing us-ing MAT-LAB\OT1/cmr/m/n/10.95 .
 []


Underfull \hbox (badness 10000) in paragraph at lines 264--269
\OT1/cmr/m/n/10.95 http://www.instructables.com/id/Image-Processing-and-Countin
g-using- MAT-
 []


Overfull \hbox (42.70059pt too wide) in paragraph at lines 271--275
[]\OT1/cmr/m/n/10.95 MathWorksM, \OT1/cmr/m/it/10.95 Im-age pro-cess-ing\OT1/cm
r/m/n/10.95 . http://www.mathworks.com/help/images/functionlist.html,
 []


Package natbib Warning: There were undefined citations.

Package atveryend Info: Empty hook `BeforeClearDocument' on input line 282.
[41


]
Package atveryend Info: Empty hook `AfterLastShipout' on input line 282.
 (./main.aux

Package natbib Warning: Citation(s) may have changed.
(natbib)                Rerun to get citations correct.

)
Package atveryend Info: Executing hook `AtVeryEndDocument' on input line 282.
Package atveryend Info: Executing hook `AtEndAfterFileList' on input line 282.


Package rerunfilecheck Warning: File `main.out' has changed.
(rerunfilecheck)                Rerun to get outlines right
(rerunfilecheck)                or use package `bookmark'.

Package rerunfilecheck Info: Checksums for `main.out':
(rerunfilecheck)             Before: D41D8CD98F00B204E9800998ECF8427E;0
(rerunfilecheck)             After:  E45EB7B268DABFB5E94D321925B8848E;10500.

LaTeX Warning: There were undefined references.


LaTeX Warning: Label(s) may have changed. Rerun to get cross-references right.

Package atveryend Info: Empty hook `AtVeryVeryEnd' on input line 282.
 ) 
Here is how much of TeX's memory you used:
 13969 strings out of 493117
 198605 string characters out of 6135433
 315407 words of memory out of 5000000
 16979 multiletter control sequences out of 15000+600000
 11711 words of font info for 43 fonts, out of 8000000 for 9000
 1141 hyphenation exceptions out of 8191
 49i,12n,45p,1355b,475s stack positions out of 5000i,500n,10000p,200000b,80000s
</usr/local/texlive/2014/texmf-dist/fonts/type1/public/amsfonts/cm/cmbx10.pfb
></usr/local/texlive/2014/texmf-dist/fonts/type1/public/amsfonts/cm/cmbx12.pfb>
</usr/local/texlive/2014/texmf-dist/fonts/type1/public/amsfonts/cm/cmex10.pfb><
/usr/local/texlive/2014/texmf-dist/fonts/type1/public/amsfonts/cm/cmmi10.pfb></
usr/local/texlive/2014/texmf-dist/fonts/type1/public/amsfonts/cm/cmmi8.pfb></us
r/local/texlive/2014/texmf-dist/fonts/type1/public/amsfonts/cm/cmr10.pfb></usr/
local/texlive/2014/texmf-dist/fonts/type1/public/amsfonts/cm/cmr12.pfb></usr/lo
cal/texlive/2014/texmf-dist/fonts/type1/public/amsfonts/cm/cmr8.pfb></usr/local
/texlive/2014/texmf-dist/fonts/type1/public/amsfonts/cm/cmsy10.pfb></usr/local/
texlive/2014/texmf-dist/fonts/type1/public/amsfonts/cm/cmsy8.pfb></usr/local/te
xlive/2014/texmf-dist/fonts/type1/public/amsfonts/cm/cmti10.pfb></usr/local/tex
live/2014/texmf-dist/fonts/type1/public/amsfonts/cm/cmti12.pfb>
Output written on main.pdf (48 pages, 2459689 bytes).
PDF statistics:
 503 PDF objects out of 1000 (max. 8388607)
 366 compressed objects within 4 object streams
 181 named destinations out of 1000 (max. 500000)
 311 words of extra memory for PDF output out of 10000 (max. 10000000)

