\BOOKMARK [0][-]{chapter*.2}{\376\377\000O\000b\000s\000t\000a\000c\000l\000e\000\040\000A\000v\000o\000i\000d\000a\000n\000c\000e\000\040\000S\000y\000s\000t\000e\000m\000\040\000F\000o\000r\000\040\000V\000i\000s\000u\000a\000l\000l\000y\000\040\000I\000m\000p\000a\000i\000r\000e\000d\000\040\000P\000e\000r\000s\000o\000n}{}% 1
\BOOKMARK [0][-]{chapter*.4}{\376\377\000A\000c\000k\000n\000o\000w\000l\000e\000d\000g\000e\000m\000e\000n\000t\000s}{}% 2
\BOOKMARK [0][-]{dummy.5}{\376\377\000C\000o\000n\000t\000e\000n\000t\000s}{}% 3
\BOOKMARK [0][-]{dummy.7}{\376\377\000L\000i\000s\000t\000\040\000o\000f\000\040\000F\000i\000g\000u\000r\000e\000s}{}% 4
\BOOKMARK [0][-]{dummy.9}{\376\377\000L\000i\000s\000t\000\040\000o\000f\000\040\000T\000a\000b\000l\000e\000s}{}% 5
\BOOKMARK [0][-]{chapter.11}{\376\377\0001\000\040\000I\000n\000t\000r\000o\000d\000u\000c\000t\000i\000o\000n}{}% 6
\BOOKMARK [1][-]{section.12}{\376\377\0001\000.\0001\000\040\000M\000o\000t\000i\000v\000a\000t\000i\000o\000n}{chapter.11}% 7
\BOOKMARK [1][-]{section.13}{\376\377\0001\000.\0002\000\040\000O\000b\000j\000e\000c\000t\000i\000v\000e\000s}{chapter.11}% 8
\BOOKMARK [1][-]{section.14}{\376\377\0001\000.\0003\000\040\000P\000r\000o\000b\000l\000e\000m\000\040\000S\000t\000a\000t\000e\000m\000e\000n\000t}{chapter.11}% 9
\BOOKMARK [1][-]{section.15}{\376\377\0001\000.\0004\000\040\000S\000c\000o\000p\000e\000\040\000o\000f\000\040\000W\000o\000r\000k}{chapter.11}% 10
\BOOKMARK [1][-]{section.16}{\376\377\0001\000.\0005\000\040\000T\000e\000c\000h\000n\000i\000c\000a\000l\000\040\000B\000a\000c\000k\000g\000r\000o\000u\000n\000d}{chapter.11}% 11
\BOOKMARK [0][-]{chapter.17}{\376\377\0002\000\040\000L\000i\000t\000e\000r\000a\000t\000u\000r\000e\000\040\000r\000e\000v\000i\000e\000w\000\040\000a\000n\000d\000\040\000O\000v\000e\000r\000a\000l\000l\000\040\000D\000e\000s\000c\000r\000i\000p\000t\000i\000o\000n}{}% 12
\BOOKMARK [1][-]{section.18}{\376\377\0002\000.\0001\000\040\000L\000I\000T\000E\000R\000A\000T\000U\000R\000E\000\040\000R\000E\000V\000I\000E\000W}{chapter.17}% 13
\BOOKMARK [1][-]{section.21}{\376\377\0002\000.\0002\000\040\000O\000v\000e\000r\000a\000l\000l\000\040\000D\000e\000s\000c\000r\000i\000p\000t\000i\000o\000n}{chapter.17}% 14
\BOOKMARK [0][-]{chapter.24}{\376\377\0003\000\040\000B\000a\000c\000k\000g\000r\000o\000u\000n\000d\000\040\000K\000n\000o\000w\000l\000e\000d\000g\000e}{}% 15
\BOOKMARK [1][-]{section.25}{\376\377\0003\000.\0001\000\040\000H\000i\000s\000t\000o\000g\000r\000a\000m\000\040\000E\000q\000u\000a\000l\000i\000z\000a\000t\000i\000o\000n\000\040\000o\000f\000\040\000G\000r\000a\000y\000-\000s\000c\000a\000l\000e\000.}{chapter.24}% 16
\BOOKMARK [1][-]{section.31}{\376\377\0003\000.\0002\000\040\000O\000t\000s\000u\000\040\000T\000h\000r\000e\000s\000h\000o\000l\000d\000i\000n\000g}{chapter.24}% 17
\BOOKMARK [1][-]{section.46}{\376\377\0003\000.\0003\000\040\000R\000G\000B\000\040\000t\000o\000\040\000G\000r\000e\000y\000-\000S\000c\000a\000l\000e\000\040\000I\000m\000a\000g\000e\000\040\000C\000o\000n\000v\000e\000r\000s\000i\000o\000n}{chapter.24}% 18
\BOOKMARK [1][-]{section.49}{\376\377\0003\000.\0004\000\040\000A\000d\000a\000p\000t\000i\000v\000e\000\040\000H\000i\000s\000t\000o\000g\000r\000a\000m\000\040\000E\000q\000u\000a\000l\000i\000z\000a\000t\000i\000o\000n}{chapter.24}% 19
\BOOKMARK [1][-]{section.52}{\376\377\0003\000.\0005\000\040\000B\000i\000n\000a\000r\000y\000\040\000I\000m\000a\000g\000e\000\040\000C\000o\000n\000v\000e\000r\000s\000i\000o\000n}{chapter.24}% 20
\BOOKMARK [1][-]{section.54}{\376\377\0003\000.\0006\000\040\000E\000d\000g\000e\000\040\000D\000e\000t\000e\000c\000t\000i\000o\000n}{chapter.24}% 21
\BOOKMARK [0][-]{chapter.56}{\376\377\0004\000\040\000R\000e\000q\000u\000i\000r\000e\000m\000e\000n\000t\000s\000\040\000a\000n\000d\000\040\000A\000n\000a\000l\000y\000s\000i\000s}{}% 22
\BOOKMARK [1][-]{section.57}{\376\377\0004\000.\0001\000\040\000R\000e\000q\000u\000i\000r\000e\000m\000e\000n\000t\000s}{chapter.56}% 23
\BOOKMARK [2][-]{subsection.58}{\376\377\0004\000.\0001\000.\0001\000\040\000F\000u\000n\000c\000t\000i\000o\000n\000a\000l\000\040\000R\000e\000q\000u\000i\000r\000e\000m\000e\000n\000t\000s}{section.57}% 24
\BOOKMARK [2][-]{subsection.59}{\376\377\0004\000.\0001\000.\0002\000\040\000N\000o\000n\000-\000F\000u\000n\000c\000t\000i\000o\000n\000a\000l\000\040\000R\000e\000q\000u\000i\000r\000e\000m\000e\000n\000t\000s}{section.57}% 25
\BOOKMARK [1][-]{section.60}{\376\377\0004\000.\0002\000\040\000U\000s\000e\000\040\000C\000a\000s\000e}{chapter.56}% 26
\BOOKMARK [2][-]{subsection.61}{\376\377\0004\000.\0002\000.\0001\000\040\000U\000s\000e\000\040\000C\000a\000s\000e\000\040\000D\000i\000a\000g\000r\000a\000m}{section.60}% 27
\BOOKMARK [2][-]{subsection.63}{\376\377\0004\000.\0002\000.\0002\000\040\000U\000s\000e\000\040\000C\000a\000s\000e\000\040\000D\000e\000s\000c\000r\000i\000p\000t\000i\000o\000n}{section.60}% 28
\BOOKMARK [1][-]{section.67}{\376\377\0004\000.\0003\000\040\000A\000c\000t\000i\000v\000i\000t\000y\000\040\000D\000i\000a\000g\000r\000a\000m}{chapter.56}% 29
\BOOKMARK [0][-]{chapter.69}{\376\377\0005\000\040\000S\000o\000f\000t\000w\000a\000r\000e\000\040\000D\000e\000s\000i\000g\000n}{}% 30
\BOOKMARK [1][-]{section.70}{\376\377\0005\000.\0001\000\040\000S\000o\000f\000t\000w\000a\000r\000e\000\040\000A\000r\000c\000h\000i\000t\000e\000c\000t\000u\000r\000e}{chapter.69}% 31
\BOOKMARK [2][-]{subsection.71}{\376\377\0005\000.\0001\000.\0001\000\040\000O\000v\000e\000r\000a\000l\000l\000\040\000C\000l\000a\000s\000s\000\040\000D\000i\000a\000g\000r\000a\000m\000\040}{section.70}% 32
\BOOKMARK [2][-]{subsection.73}{\376\377\0005\000.\0001\000.\0002\000\040\000F\000r\000a\000m\000e\000w\000o\000r\000k\000\040\000P\000a\000c\000k\000a\000g\000e}{section.70}% 33
\BOOKMARK [2][-]{subsection.75}{\376\377\0005\000.\0001\000.\0003\000\040\000I\000m\000a\000g\000e\000U\000p\000d\000a\000t\000e\000\040\000P\000a\000c\000k\000a\000g\000e}{section.70}% 34
\BOOKMARK [2][-]{subsection.77}{\376\377\0005\000.\0001\000.\0004\000\040\000C\000o\000u\000n\000t\000i\000n\000g\000\040\000P\000a\000c\000k\000a\000g\000e}{section.70}% 35
\BOOKMARK [0][-]{chapter.79}{\376\377\0006\000\040\000D\000e\000v\000e\000l\000o\000p\000m\000e\000n\000t\000s}{}% 36
\BOOKMARK [1][-]{section.80}{\376\377\0006\000.\0001\000\040\000D\000e\000v\000e\000l\000o\000p\000m\000e\000n\000t\000\040\000T\000o\000o\000l\000s}{chapter.79}% 37
\BOOKMARK [2][-]{subsection.82}{\376\377\0006\000.\0001\000.\0001\000\040\000M\000A\000T\000L\000A\000B}{section.80}% 38
\BOOKMARK [2][-]{subsection.83}{\376\377\0006\000.\0001\000.\0002\000\040\000X\000c\000o\000d\000e}{section.80}% 39
\BOOKMARK [2][-]{subsection.84}{\376\377\0006\000.\0001\000.\0003\000\040\000O\000p\000e\000n\000C\000V}{section.80}% 40
\BOOKMARK [1][-]{section.85}{\376\377\0006\000.\0002\000\040\000P\000r\000o\000j\000e\000c\000t\000\040\000I\000m\000p\000l\000e\000m\000e\000n\000t\000a\000t\000i\000o\000n}{chapter.79}% 41
\BOOKMARK [1][-]{section.86}{\376\377\0006\000.\0003\000\040\000A\000p\000p\000l\000i\000c\000a\000t\000i\000o\000n\000\040\000D\000e\000v\000e\000l\000o\000p\000m\000e\000n\000t\000\040\000P\000a\000r\000t}{chapter.79}% 42
\BOOKMARK [1][-]{section.88}{\376\377\0006\000.\0004\000\040\000A\000l\000g\000o\000r\000i\000t\000h\000m\000\040\000D\000e\000v\000e\000l\000o\000p\000m\000e\000n\000t\000\040\000P\000a\000r\000t}{chapter.79}% 43
\BOOKMARK [2][-]{subsection.90}{\376\377\0006\000.\0004\000.\0001\000\040\000R\000G\000B\000\040\000t\000o\000\040\000G\000r\000a\000y\000-\000s\000c\000a\000l\000e\000\040\000I\000m\000a\000g\000e\000\040\000C\000o\000n\000v\000e\000r\000s\000i\000o\000n}{section.88}% 44
\BOOKMARK [2][-]{subsection.92}{\376\377\0006\000.\0004\000.\0002\000\040\000I\000m\000a\000g\000e\000\040\000Q\000u\000a\000l\000i\000t\000y\000\040\000E\000n\000h\000a\000n\000c\000e\000m\000e\000n\000t}{section.88}% 45
\BOOKMARK [2][-]{subsection.94}{\376\377\0006\000.\0004\000.\0003\000\040\000B\000i\000n\000a\000r\000y\000\040\000I\000m\000a\000g\000e\000\040\000C\000o\000n\000v\000e\000r\000s\000i\000o\000n}{section.88}% 46
\BOOKMARK [2][-]{subsection.96}{\376\377\0006\000.\0004\000.\0004\000\040\000C\000o\000u\000n\000t\000i\000n\000g}{section.88}% 47
\BOOKMARK [0][-]{chapter.100}{\376\377\0007\000\040\000E\000v\000a\000l\000u\000a\000t\000i\000o\000n\000s\000\040\000a\000n\000d\000\040\000D\000i\000s\000c\000u\000s\000s\000i\000o\000n\000s}{}% 48
\BOOKMARK [1][-]{section.101}{\376\377\0007\000.\0001\000\040\000E\000v\000a\000l\000u\000a\000t\000i\000o\000n\000s}{chapter.100}% 49
\BOOKMARK [1][-]{section.104}{\376\377\0007\000.\0002\000\040\000D\000i\000s\000c\000u\000s\000s\000i\000o\000n\000s}{chapter.100}% 50
\BOOKMARK [0][-]{chapter.105}{\376\377\0008\000\040\000R\000e\000s\000u\000l\000t\000s}{}% 51
\BOOKMARK [1][-]{section.106}{\376\377\0008\000.\0001\000\040\000E\000x\000p\000e\000r\000i\000m\000e\000n\000t\000a\000l\000\040\000S\000e\000t\000t\000i\000n\000g\000\040\000a\000n\000d\000\040\000R\000e\000s\000u\000l\000t\000s}{chapter.105}% 52
\BOOKMARK [0][-]{chapter.119}{\376\377\0009\000\040\000C\000o\000n\000c\000l\000u\000s\000i\000o\000n}{}% 53
\BOOKMARK [1][-]{section.120}{\376\377\0009\000.\0001\000\040\000S\000u\000m\000m\000a\000r\000y}{chapter.119}% 54
\BOOKMARK [1][-]{section.121}{\376\377\0009\000.\0002\000\040\000L\000e\000s\000s\000o\000n\000s\000\040\000l\000e\000a\000r\000n\000e\000d}{chapter.119}% 55
\BOOKMARK [1][-]{section.122}{\376\377\0009\000.\0003\000\040\000P\000r\000o\000b\000l\000e\000m\000s\000\040\000a\000n\000d\000\040\000o\000b\000s\000t\000a\000c\000l\000e\000s}{chapter.119}% 56
\BOOKMARK [2][-]{subsection.123}{\376\377\0009\000.\0003\000.\0001\000\040\000P\000r\000o\000b\000l\000e\000m\000s\000\040\000C\000o\000n\000c\000e\000r\000n\000i\000n\000g\000\040\000A\000p\000p\000l\000i\000c\000a\000t\000i\000o\000n\000\040\000P\000a\000r\000t}{section.122}% 57
\BOOKMARK [2][-]{subsection.124}{\376\377\0009\000.\0003\000.\0002\000\040\000P\000r\000o\000b\000l\000e\000m\000s\000\040\000C\000o\000n\000c\000e\000r\000n\000i\000n\000g\000\040\000A\000l\000g\000o\000r\000i\000t\000h\000m\000\040\000P\000a\000r\000t}{section.122}% 58
\BOOKMARK [1][-]{section.128}{\376\377\0009\000.\0004\000\040\000F\000u\000t\000u\000r\000e\000\040\000w\000o\000r\000k}{chapter.119}% 59
\BOOKMARK [0][-]{dummy.129}{\376\377\000B\000i\000b\000l\000i\000o\000g\000r\000a\000p\000h\000y}{}% 60
